[18:15:42] [Server thread/INFO]: Starting minecraft server version 1.9
[18:15:43] [Server thread/INFO]: Loading properties
[18:15:43] [Server thread/INFO]: Default game type: SURVIVAL
[18:15:43] [Server thread/INFO]: Generating keypair
[18:15:43] [Server thread/INFO]: Starting Minecraft server on 192.168.0.10:25565
[18:15:43] [Server thread/INFO]: Using default channel type
[18:15:44] [Server thread/INFO]: This server is running CraftBukkit version git-Bukkit-7fc5cd8 (MC: 1.9) (Implementing API version 1.9-R0.1-SNAPSHOT)
[18:15:45] [Server thread/ERROR]: Could not load 'plugins/DisguiseCraft.jar' in folder 'plugins'
org.bukkit.plugin.InvalidPluginException: java.lang.NoClassDefFoundError: net/minecraft/server/v1_8_R2/Packet
	at org.bukkit.plugin.java.JavaPluginLoader.loadPlugin(JavaPluginLoader.java:133) ~[craftbukkit.jar:git-Bukkit-7fc5cd8]
	at org.bukkit.plugin.SimplePluginManager.loadPlugin(SimplePluginManager.java:328) ~[craftbukkit.jar:git-Bukkit-7fc5cd8]
	at org.bukkit.plugin.SimplePluginManager.loadPlugins(SimplePluginManager.java:251) [craftbukkit.jar:git-Bukkit-7fc5cd8]
	at org.bukkit.craftbukkit.v1_9_R1.CraftServer.loadPlugins(CraftServer.java:293) [craftbukkit.jar:git-Bukkit-7fc5cd8]
	at org.bukkit.craftbukkit.v1_9_R1.CraftServer.<init>(CraftServer.java:255) [craftbukkit.jar:git-Bukkit-7fc5cd8]
	at net.minecraft.server.v1_9_R1.PlayerList.<init>(PlayerList.java:69) [craftbukkit.jar:git-Bukkit-7fc5cd8]
	at net.minecraft.server.v1_9_R1.DedicatedPlayerList.<init>(SourceFile:14) [craftbukkit.jar:git-Bukkit-7fc5cd8]
	at net.minecraft.server.v1_9_R1.DedicatedServer.init(DedicatedServer.java:182) [craftbukkit.jar:git-Bukkit-7fc5cd8]
	at net.minecraft.server.v1_9_R1.MinecraftServer.run(MinecraftServer.java:506) [craftbukkit.jar:git-Bukkit-7fc5cd8]
	at java.lang.Thread.run(Thread.java:745) [?:1.8.0_45]
Caused by: java.lang.NoClassDefFoundError: net/minecraft/server/v1_8_R2/Packet
	at java.lang.Class.forName0(Native Method) ~[?:1.8.0_45]
	at java.lang.Class.forName(Class.java:348) ~[?:1.8.0_45]
	at org.bukkit.plugin.java.PluginClassLoader.<init>(PluginClassLoader.java:40) ~[craftbukkit.jar:git-Bukkit-7fc5cd8]
	at org.bukkit.plugin.java.JavaPluginLoader.loadPlugin(JavaPluginLoader.java:129) ~[craftbukkit.jar:git-Bukkit-7fc5cd8]
	... 9 more
Caused by: java.lang.ClassNotFoundException: net.minecraft.server.v1_8_R2.Packet
	at org.bukkit.plugin.java.PluginClassLoader.findClass(PluginClassLoader.java:67) ~[craftbukkit.jar:git-Bukkit-7fc5cd8]
	at org.bukkit.plugin.java.PluginClassLoader.findClass(PluginClassLoader.java:62) ~[craftbukkit.jar:git-Bukkit-7fc5cd8]
	at java.lang.ClassLoader.loadClass(ClassLoader.java:424) ~[?:1.8.0_45]
	at java.lang.ClassLoader.loadClass(ClassLoader.java:357) ~[?:1.8.0_45]
	at java.lang.Class.forName0(Native Method) ~[?:1.8.0_45]
	at java.lang.Class.forName(Class.java:348) ~[?:1.8.0_45]
	at org.bukkit.plugin.java.PluginClassLoader.<init>(PluginClassLoader.java:40) ~[craftbukkit.jar:git-Bukkit-7fc5cd8]
	at org.bukkit.plugin.java.JavaPluginLoader.loadPlugin(JavaPluginLoader.java:129) ~[craftbukkit.jar:git-Bukkit-7fc5cd8]
	... 9 more
[18:15:45] [Server thread/INFO]: [WorldEdit] Loading WorldEdit v6.1;no_git_id
[18:15:45] [Server thread/INFO]: [Essentials] Loading Essentials vTeamCity
[18:15:45] [Server thread/INFO]: [EssentialsChat] Loading EssentialsChat vTeamCity
[18:15:45] [Server thread/INFO]: [GroupManager] Loading GroupManager v2.0 (Phoenix)
[18:15:45] [Server thread/INFO]: [mcMMO] Loading mcMMO v1.5.05-SNAPSHOT-b136
[18:15:45] [Server thread/INFO]: [HolographicDisplays] Loading HolographicDisplays v2.1.12
[18:15:45] [Server thread/INFO]: [Vault] Loading Vault v1.5.6-b49
[18:15:45] [Server thread/INFO]: [EssentialsSpawn] Loading EssentialsSpawn vTeamCity
[18:15:46] [Server thread/INFO]: [OreGeneratorRevolution] Loading OreGeneratorRevolution v1.4
[18:15:46] [Server thread/INFO]: [WorldGuard] Loading WorldGuard v6.1
[18:15:46] [Server thread/INFO]: [Citizens] Loading Citizens v2.0.17-SNAPSHOT (build 1316)
[18:15:46] [Server thread/INFO]: [uSkyBlock] Loading uSkyBlock v2.6.4
[18:15:46] [Server thread/INFO]: [ScoreboardStats] Loading ScoreboardStats v0.9.8
[18:15:46] [Server thread/INFO]: [SilkSpawners] Loading SilkSpawners v3.7.1
[18:15:46] [Server thread/INFO]: [ServerShop-GUI] Loading ServerShop-GUI v1.6.4
[18:15:46] [Server thread/INFO]: [mcMMO] Enabling mcMMO v1.5.05-SNAPSHOT-b136
[18:15:47] [Server thread/INFO]: [Vault] Enabling Vault v1.5.6-b49
[18:15:47] [Server thread/INFO]: [Vault] [Economy] Essentials Economy found: Waiting
[18:15:47] [Server thread/INFO]: [Vault] [Permission] GroupManager found: Waiting
[18:15:47] [Server thread/INFO]: [Vault] [Permission] SuperPermissions loaded as backup permission system.
[18:15:48] [Server thread/INFO]: [Vault] [Chat] GroupManager found: Waiting
[18:15:48] [Server thread/INFO]: [Vault] Enabled Version 1.5.6-b49
[18:15:48] [Server thread/INFO]: [uSkyBlock] Enabling uSkyBlock v2.6.4
[18:15:48] [Server thread/INFO]: [uSkyBlock] 3 schematics loaded.
[18:15:49] [Server thread/INFO]: [uSkyBlock] §7Name: §buSkyBlock
§7Version: §b2.6.4
§7Description: §bUltimate SkyBlock v2.6.4-bd1c2b-404
§7Language: §ben (en)
§7------------------------------
§7Server: §eCraftBukkit git-Bukkit-7fc5cd8 (MC: 1.9)
§7------------------------------
§7§dVault §f1.5.6-b49 §7(N/A§7)
§7§dWorldEdit §f6.1;no_git_id §7(N/A§7)
§7§dWorldGuard §f6.1 §7(N/A§7)
§7------------------------------

[18:15:49] [Server thread/INFO]: Preparing level "world"
[18:15:49] [Server thread/INFO]: Preparing start region for level 0 (Seed: -2675706387265841914)
[18:15:51] [Server thread/INFO]: Preparing spawn area: 0%
[18:15:53] [Server thread/INFO]: Preparing spawn area: 12%
[18:15:54] [Server thread/INFO]: Preparing spawn area: 31%
[18:15:55] [Server thread/INFO]: Preparing spawn area: 45%
[18:15:55] [User Authenticator #2/INFO]: UUID of player SweetMelonMan is 5731893d-bf79-49bc-aff7-e5f600e2b522
[18:15:55] [User Authenticator #1/INFO]: UUID of player PlayingDragon is beafbab4-8915-4c62-a5ff-247b0626966a
[18:15:56] [Server thread/INFO]: Preparing spawn area: 97%
[18:15:56] [Server thread/INFO]: Preparing start region for level 1 (Seed: -6140679311939007722)
[18:15:57] [Server thread/INFO]: Preparing spawn area: 44%
[18:15:57] [Server thread/INFO]: Preparing start region for level 2 (Seed: -6140679311939007722)
[18:15:58] [Server thread/INFO]: [WorldEdit] Enabling WorldEdit v6.1;no_git_id
[18:15:59] [Server thread/INFO]: WEPIF: Using the Bukkit Permissions API.
[18:15:59] [Server thread/WARN]: [WorldEdit] 
**********************************************
** This WorldEdit version does not fully support your version of Bukkit.
**
** When working with blocks or undoing, chests will be empty, signs
** will be blank, and so on. There will be no support for entity
** and biome-related functions.
**
** Please see http://wiki.sk89q.com/wiki/WorldEdit/Bukkit_adapters
**********************************************

[18:15:59] [Server thread/INFO]: [Essentials] Enabling Essentials vTeamCity
[18:15:59] [Server thread/INFO]: Bukkit version format changed. Version not checked.
[18:15:59] [Server thread/INFO]: git-Bukkit-7fc5cd8 (MC: 1.9)
[18:15:59] [Server thread/INFO]: 1.9-R0.1-SNAPSHOT
[18:15:59] [Server thread/INFO]: Using locale en
[18:16:00] [Server thread/INFO]: Using locale en
[18:16:00] [Server thread/INFO]: [Vault][Economy] Essentials Economy hooked.
[18:16:00] [Server thread/INFO]: Essentials: Using config file enhanced permissions.
[18:16:00] [Server thread/INFO]: Permissions listed in as player-commands will be given to all users.
[18:16:00] [Server thread/INFO]: [EssentialsChat] Enabling EssentialsChat vTeamCity
[18:16:00] [Server thread/INFO]: [GroupManager] Enabling GroupManager v2.0 (Phoenix)
[18:16:00] [Server thread/INFO]: GroupManager - INFO - World Found: world
[18:16:00] [Server thread/INFO]: GroupManager - INFO - Superperms support enabled.
[18:16:00] [Server thread/INFO]: GroupManager - INFO - Scheduled Data Saving is set for every 10 minutes!
[18:16:00] [Server thread/INFO]: GroupManager - INFO - Backups will be retained for 24 hours!
[18:16:00] [Server thread/INFO]: GroupManager version 2.0 (Phoenix) is enabled!
[18:16:00] [Server thread/INFO]: WEPIF: GroupManager detected! Using GroupManager for permissions.
[18:16:00] [Server thread/INFO]: [Vault][Permission] GroupManager hooked.
[18:16:00] [Server thread/INFO]: [Vault][Chat] GroupManager - Chat hooked.
[18:16:00] [Server thread/INFO]: Essentials: Using GroupManager based permissions.
[18:16:00] [Server thread/INFO]: [HolographicDisplays] Enabling HolographicDisplays v2.1.12
[18:16:00] [Server thread/INFO]: [EssentialsSpawn] Enabling EssentialsSpawn vTeamCity
[18:16:00] [Server thread/INFO]: [OreGeneratorRevolution] Enabling OreGeneratorRevolution v1.4
[18:16:00] [Server thread/INFO]: [OreGeneratorRevolution] Metrics enabled
[18:16:00] [Server thread/INFO]: [OreGeneratorRevolution] Plugin gestarted!
[18:16:00] [Server thread/INFO]: [OreGeneratorRevolution] Version: 1.3
[18:16:00] [Server thread/INFO]: [OreGeneratorRevolution] Plugin by Kronos197
[18:16:00] [Server thread/INFO]: [WorldGuard] Enabling WorldGuard v6.1
[18:16:02] [Server thread/INFO]: [WorldGuard] (world) TNT ignition is PERMITTED.
[18:16:02] [Server thread/INFO]: [WorldGuard] (world) Lighters are PERMITTED.
[18:16:02] [Server thread/INFO]: [WorldGuard] (world) Lava fire is blocked.
[18:16:02] [Server thread/INFO]: [WorldGuard] (world) Fire spread is UNRESTRICTED.
[18:16:02] [Server thread/INFO]: [WorldGuard] Loaded configuration for world 'world'
[18:16:02] [Server thread/INFO]: [WorldGuard] (world_nether) TNT ignition is PERMITTED.
[18:16:02] [Server thread/INFO]: [WorldGuard] (world_nether) Lighters are PERMITTED.
[18:16:02] [Server thread/INFO]: [WorldGuard] (world_nether) Lava fire is blocked.
[18:16:02] [Server thread/INFO]: [WorldGuard] (world_nether) Fire spread is UNRESTRICTED.
[18:16:02] [Server thread/INFO]: [WorldGuard] Loaded configuration for world 'world_nether'
[18:16:02] [Server thread/INFO]: [WorldGuard] (world_the_end) TNT ignition is PERMITTED.
[18:16:02] [Server thread/INFO]: [WorldGuard] (world_the_end) Lighters are PERMITTED.
[18:16:02] [Server thread/INFO]: [WorldGuard] (world_the_end) Lava fire is blocked.
[18:16:02] [Server thread/INFO]: [WorldGuard] (world_the_end) Fire spread is UNRESTRICTED.
[18:16:02] [Server thread/INFO]: [WorldGuard] Loaded configuration for world 'world_the_end'
[18:16:02] [Server thread/INFO]: [WorldGuard] Loading region data...
[18:16:04] [Server thread/INFO]: [Citizens] Enabling Citizens v2.0.17-SNAPSHOT (build 1316)
[18:16:05] [Server thread/INFO]: [ScoreboardStats] Enabling ScoreboardStats v0.9.8
[18:16:05] [Server thread/INFO]: [ScoreboardStats] Registered replacers: [BukkitGlobalVariables, SkyblockVariables, PlayerPingVariable, GeneralVariables, VaultVariables, BukkitVariables, McmmoVariables]
[18:16:05] [Server thread/INFO]: [SilkSpawners] Enabling SilkSpawners v3.7.1
[18:16:05] [Server thread/INFO]: [SilkSpawners] WorldGuard was found and support is enabled
[18:16:05] [Server thread/INFO]: [SilkSpawners] Loading support for v1_9_R1
[18:16:05] [Server thread/INFO]: [SilkSpawners] AutoUpdater is enabled.
[18:16:06] [Server thread/INFO]: [SilkSpawners] Result from AutoUpdater is: NO_UPDATE
[18:16:06] [Server thread/INFO]: [SilkSpawners] BarAPI is disabled due to config setting.
[18:16:06] [Server thread/INFO]: [ServerShop-GUI] Enabling ServerShop-GUI v1.6.4
[18:16:06] [Server thread/INFO]: [ServerShop-GUI] Plugin is using Essentials Economy as economy system!
[18:16:06] [Server thread/INFO]: [ServerShop-GUI] Plugin is using GroupManager as permission system!
[18:16:06] [Server thread/INFO]: [ServerShop-GUI] Citizens2 found. Activating NPC support
[18:16:06] [Server thread/WARN]: [ERROR] You cannot add multiple items with the same displayname in Command Shops (Multiple Commands is §cNEW!)
[18:16:06] [Server thread/WARN]: [ERROR] You cannot add multiple items with the same displayname in Command Shops (Wood Reward)
[18:16:06] [Server thread/INFO]: Buyable commands will now be blocked!
[18:16:06] [Server thread/INFO]: Server permissions file permissions.yml is empty, ignoring it
[18:16:06] [Server thread/INFO]: Done (17.394s)! For help, type "help" or "?"
[18:16:06] [Server thread/INFO]: GroupManager - INFO - Bukkit Permissions Updated!
[18:16:06] [Server thread/INFO]: [Citizens] Loaded 0 NPCs.
[18:16:06] [pool-3-thread-9/INFO]: [Vault] Checking for Updates ... 
[18:16:07] [Server thread/INFO]: com.mojang.authlib.GameProfile@5bd4d60c[id=<null>,name=PlayingDragon,properties={},legacy=false] (/192.168.0.10:51916) lost connection: Internal Exception: java.lang.NullPointerException
[18:16:07] [pool-3-thread-9/INFO]: [Vault] No new version available
[18:16:09] [Server thread/INFO]: PlayingDragon[/192.168.0.10:51917] logged in with entity id 405 at ([world]-4.164126978109981, 143.0, 142.1873427685373)
[18:16:09] [Server thread/INFO]: com.mojang.authlib.GameProfile@25f83a78[id=5731893d-bf79-49bc-aff7-e5f600e2b522,name=SweetMelonMan,properties={textures=[com.mojang.authlib.properties.Property@2559e99d]},legacy=false] (/192.168.0.16:49922) lost connection: Disconnected
[18:16:09] [Server thread/WARN]: Can't keep up! Did the system time change, or is the server overloaded? Running 3165ms behind, skipping 63 tick(s)
[18:16:10] [User Authenticator #3/INFO]: UUID of player SweetMelonMan is 5731893d-bf79-49bc-aff7-e5f600e2b522
[18:16:11] [Server thread/INFO]: SweetMelonMan[/192.168.0.16:49925] logged in with entity id 438 at ([world]-2.7041770288572597, 143.0, 131.76752351711542)
[18:16:16] [Server thread/INFO]: [uSkyBlock] uSkyBlock hooked into Vault Economy
[18:16:16] [Server thread/INFO]: [uSkyBlock] uSkyBlock hooked into Vault Permissions
[18:16:16] [Server thread/INFO]: GroupManager - INFO - New world detected...
[18:16:16] [Server thread/INFO]: GroupManager - INFO - Creating data for: skyworld
[18:16:16] [Server thread/INFO]: GroupManager - INFO - Don't forget to configure/mirror this world in config.yml.
[18:16:16] [Server thread/INFO]: Preparing start region for level 3 (Seed: 8273876570054896941)
[18:16:17] [Server thread/INFO]: Preparing spawn area for skyworld, 48%
[18:16:17] [Server thread/INFO]: [WorldGuard] (skyworld) TNT ignition is PERMITTED.
[18:16:17] [Server thread/INFO]: [WorldGuard] (skyworld) Lighters are PERMITTED.
[18:16:17] [Server thread/INFO]: [WorldGuard] (skyworld) Lava fire is blocked.
[18:16:17] [Server thread/INFO]: [WorldGuard] (skyworld) Fire spread is UNRESTRICTED.
[18:16:17] [Server thread/INFO]: [WorldGuard] Loaded configuration for world 'skyworld'
[18:16:17] [Server thread/WARN]: A manual (plugin-induced) save has been detected while server is configured to auto-save. This may affect performance.
[18:16:18] [Server thread/INFO]: SweetMelonMan issued server command: /is h
[18:16:29] [Server thread/WARN]: Can't keep up! Did the system time change, or is the server overloaded? Running 5935ms behind, skipping 118 tick(s)
[18:16:32] [Timer-1/INFO]: [WorldGuard] Region data changes made in 'skyworld' have been background saved
[18:16:33] [Server thread/INFO]: PlayingDragon issued server command: /pl
[18:16:36] [Server thread/INFO]: PlayingDragon issued server command: /ish h
[18:16:38] [Server thread/INFO]: PlayingDragon issued server command: /spawn
[18:16:45] [Server thread/INFO]: PlayingDragon issued server command: /holo
[18:16:48] [Server thread/INFO]: PlayingDragon issued server command: /holo help
[18:17:30] [Server thread/INFO]: PlayingDragon issued server command: /holo create spawnnorth &6Welcome to &6&lMajorSkies
[18:17:43] [Server thread/INFO]: PlayingDragon issued server command: /holo create spawneast &6Welcome to &6&lMajorSkies
[18:17:52] [Server thread/INFO]: PlayingDragon issued server command: /holo create spawnsouth &6Welcome to &6&lMajorSkies
[18:17:58] [Server thread/INFO]: PlayingDragon issued server command: /holo create spawnwest &6Welcome to &6&lMajorSkies
[18:18:04] [Server thread/INFO]: PlayingDragon issued server command: /spawn SweetMelonMan
